<?xml version="1.0" encoding="UTF-8"?>
<coverage generated="1744135462497" clover="3.2.0">
  <project timestamp="1744135462498" name="All files">
    <metrics statements="16" coveredstatements="16" conditionals="4" coveredconditionals="4" methods="7" coveredmethods="7" elements="27" coveredelements="27" complexity="0" loc="16" ncloc="16" packages="1" files="1" classes="1"/>
    <file name="Search.jsx" path="C:\Users\vivan\CIS3344FinalProjectGroup\3344-Group-Project\3344-group-project\src\components\Search\Search.jsx">
      <metrics statements="16" coveredstatements="16" conditionals="4" coveredconditionals="4" methods="7" coveredmethods="7"/>
      <line num="7" count="1" type="stmt"/>
      <line num="9" count="8" type="stmt"/>
      <line num="10" count="8" type="stmt"/>
      <line num="12" count="8" type="stmt"/>
      <line num="13" count="2" type="stmt"/>
      <line num="16" count="8" type="stmt"/>
      <line num="17" count="2" type="stmt"/>
      <line num="18" count="2" type="stmt"/>
      <line num="19" count="2" type="cond" truecount="2" falsecount="0"/>
      <line num="20" count="1" type="stmt"/>
      <line num="23" count="8" type="stmt"/>
      <line num="25" count="2" type="stmt"/>
      <line num="28" count="2" type="cond" truecount="2" falsecount="0"/>
      <line num="29" count="1" type="stmt"/>
      <line num="32" count="1" type="stmt"/>
      <line num="40" count="8" type="stmt"/>
    </file>
  </project>
</coverage>
