TN:
SF:src\components\Search\Search.jsx
FN:7,(anonymous_0)
FN:12,(anonymous_1)
FN:16,(anonymous_2)
FN:22,(anonymous_3)
FN:28,(anonymous_4)
FN:31,(anonymous_5)
FN:31,(anonymous_6)
FNF:7
FNH:7
FNDA:8,(anonymous_0)
FNDA:2,(anonymous_1)
FNDA:2,(anonymous_2)
FNDA:2,(anonymous_3)
FNDA:1,(anonymous_4)
FNDA:1,(anonymous_5)
FNDA:1,(anonymous_6)
DA:7,1
DA:9,8
DA:10,8
DA:12,8
DA:13,2
DA:16,8
DA:17,2
DA:18,2
DA:19,1
DA:22,8
DA:24,2
DA:27,2
DA:28,1
DA:31,1
DA:39,8
LF:15
LH:15
BRDA:18,0,0,1
BRDA:18,0,1,1
BRDA:27,1,0,1
BRDA:27,1,1,1
BRF:4
BRH:4
end_of_record
